local DBconnection mongodb://localhost:27017/BOOK_CRUD
local DBconnection mongodb://localhost:27017/BOOK_CRUD
local DBconnection mongodb://localhost:27017/BOOK_CRUD
local DBconnection mongodb://localhost:27017/BOOK_CRUD
local DBconnection mongodb://localhost:27017/BOOK_CRUD
local DBconnection mongodb://localhost:27017/BOOK_CRUD
local DBconnection mongodb://localhost:27017/BOOK_CRUD
local DBconnection mongodb://localhost:27017/BOOK_CRUD
local DBconnection mongodb://localhost:27017/BOOK_CRUD
local DBconnection mongodb://localhost:27017/BOOK_CRUD
local DBconnection mongodb://localhost:27017/BOOK_CRUD
local DBconnection mongodb://localhost:27017/BOOK_CRUD
local DBconnection mongodb://localhost:27017/BOOK_CRUD
local DBconnection mongodb://localhost:27017/BOOK_CRUD
local DBconnection mongodb://localhost:27017/BOOK_CRUD
local DBconnection mongodb://localhost:27017/BOOK_CRUD
local DBconnection mongodb://localhost:27017/BOOK_CRUD
local DBconnection mongodb://localhost:27017/BOOK_CRUD
local DBconnection mongodb://localhost:27017/BOOK_CRUD
local DBconnection mongodb://localhost:27017/BOOK_CRUD
local DBconnection mongodb://localhost:27017/BOOK_CRUD
local DBconnection mongodb://localhost:27017/BOOK_CRUD
local DBconnection mongodb://localhost:27017/BOOK_CRUD
local DBconnection mongodb://localhost:27017/BOOK_CRUD
local DBconnection mongodb://localhost:27017/BOOK_CRUD
local DBconnection mongodb://localhost:27017/BOOK_CRUD
local DBconnection mongodb://localhost:27017/BOOK_CRUD
local DBconnection mongodb://localhost:27017/BOOK_CRUD
-------> ver 1.4 feb 3 2023 16:46 111
Express server running on port 1233
Mongoose default connection open to DATETue Dec 19 2023 23:19:37 GMT+0530 (India Standard Time)
Mongo DB connected
local DBconnection mongodb://localhost:27017/BOOK_CRUD
-------> ver 1.4 feb 3 2023 16:46 111
Express server running on port 1233
Mongoose default connection open to DATETue Dec 19 2023 23:21:39 GMT+0530 (India Standard Time)
Mongo DB connected
local DBconnection mongodb://localhost:27017/BOOK_CRUD
-------> ver 1.4 feb 3 2023 16:46 111
Express server running on port 1233
Mongoose default connection open to DATETue Dec 19 2023 23:21:52 GMT+0530 (India Standard Time)
Mongo DB connected
local DBconnection mongodb://localhost:27017/BOOK_CRUD
local DBconnection mongodb://localhost:27017/BOOK_CRUD
local DBconnection mongodb://localhost:27017/BOOK_CRUD
-------> ver 1.4 feb 3 2023 16:46 111
Express server running on port 1233
Mongoose default connection open to DATETue Dec 19 2023 23:22:32 GMT+0530 (India Standard Time)
Mongo DB connected
local DBconnection mongodb://localhost:27017/BOOK_CRUD
-------> ver 1.4 feb 3 2023 16:46 111
Express server running on port 1233
Mongoose default connection open to DATETue Dec 19 2023 23:22:52 GMT+0530 (India Standard Time)
Mongo DB connected
null
err:  Error: data and hash arguments required
    at Object.compare (F:\JJ\NODE-BOOK-CRUD-main\NODE-BOOK-CRUD-main\backend\node_modules\bcrypt\bcrypt.js:208:17)
    at F:\JJ\NODE-BOOK-CRUD-main\NODE-BOOK-CRUD-main\backend\node_modules\bcrypt\promises.js:29:12
    at new Promise (<anonymous>)
    at Object.module.exports.promise (F:\JJ\NODE-BOOK-CRUD-main\NODE-BOOK-CRUD-main\backend\node_modules\bcrypt\promises.js:20:12)
    at Object.compare (F:\JJ\NODE-BOOK-CRUD-main\NODE-BOOK-CRUD-main\backend\node_modules\bcrypt\bcrypt.js:204:25)
    at exports.login (F:\JJ\NODE-BOOK-CRUD-main\NODE-BOOK-CRUD-main\backend\controller\user\user-controller.js:136:43)
    at processTicksAndRejections (node:internal/process/task_queues:96:5)
local DBconnection mongodb://localhost:27017/BOOK_CRUD
-------> ver 1.4 feb 3 2023 16:46 111
Express server running on port 1233
Mongoose default connection open to DATETue Dec 19 2023 23:24:02 GMT+0530 (India Standard Time)
Mongo DB connected
null
err:  Error: data and hash arguments required
    at Object.compare (F:\JJ\NODE-BOOK-CRUD-main\NODE-BOOK-CRUD-main\backend\node_modules\bcrypt\bcrypt.js:208:17)
    at F:\JJ\NODE-BOOK-CRUD-main\NODE-BOOK-CRUD-main\backend\node_modules\bcrypt\promises.js:29:12
    at new Promise (<anonymous>)
    at Object.module.exports.promise (F:\JJ\NODE-BOOK-CRUD-main\NODE-BOOK-CRUD-main\backend\node_modules\bcrypt\promises.js:20:12)
    at Object.compare (F:\JJ\NODE-BOOK-CRUD-main\NODE-BOOK-CRUD-main\backend\node_modules\bcrypt\bcrypt.js:204:25)
    at exports.login (F:\JJ\NODE-BOOK-CRUD-main\NODE-BOOK-CRUD-main\backend\controller\user\user-controller.js:136:43)
    at processTicksAndRejections (node:internal/process/task_queues:96:5)
local DBconnection mongodb://localhost:27017/BOOK_CRUD
-------> ver 1.4 feb 3 2023 16:46 111
Express server running on port 1233
Mongoose default connection open to DATETue Dec 19 2023 23:24:35 GMT+0530 (India Standard Time)
Mongo DB connected
null
userData:  { status: true, data: null }
err:  Error: data and hash arguments required
    at Object.compare (F:\JJ\NODE-BOOK-CRUD-main\NODE-BOOK-CRUD-main\backend\node_modules\bcrypt\bcrypt.js:208:17)
    at F:\JJ\NODE-BOOK-CRUD-main\NODE-BOOK-CRUD-main\backend\node_modules\bcrypt\promises.js:29:12
    at new Promise (<anonymous>)
    at Object.module.exports.promise (F:\JJ\NODE-BOOK-CRUD-main\NODE-BOOK-CRUD-main\backend\node_modules\bcrypt\promises.js:20:12)
    at Object.compare (F:\JJ\NODE-BOOK-CRUD-main\NODE-BOOK-CRUD-main\backend\node_modules\bcrypt\bcrypt.js:204:25)
    at exports.login (F:\JJ\NODE-BOOK-CRUD-main\NODE-BOOK-CRUD-main\backend\controller\user\user-controller.js:137:43)
    at processTicksAndRejections (node:internal/process/task_queues:96:5)
local DBconnection mongodb://localhost:27017/BOOK_CRUD
local DBconnection mongodb://localhost:27017/BOOK_CRUD
local DBconnection mongodb://localhost:27017/BOOK_CRUD
local DBconnection mongodb://localhost:27017/BOOK_CRUD
-------> ver 1.4 feb 3 2023 16:46 111
Express server running on port 1233
Mongoose default connection open to DATETue Dec 19 2023 23:25:00 GMT+0530 (India Standard Time)
Mongo DB connected
local DBconnection mongodb://localhost:27017/BOOK_CRUD
-------> ver 1.4 feb 3 2023 16:46 111
Express server running on port 1233
Mongoose default connection open to DATETue Dec 19 2023 23:25:20 GMT+0530 (India Standard Time)
Mongo DB connected
local DBconnection mongodb://localhost:27017/BOOK_CRUD
-------> ver 1.4 feb 3 2023 16:46 111
Express server running on port 1233
Mongoose default connection open to DATETue Dec 19 2023 23:25:26 GMT+0530 (India Standard Time)
Mongo DB connected
local DBconnection mongodb://localhost:27017/BOOK_CRUD
-------> ver 1.4 feb 3 2023 16:46 111
Express server running on port 1233
Mongoose default connection open to DATETue Dec 19 2023 23:25:29 GMT+0530 (India Standard Time)
Mongo DB connected
local DBconnection mongodb://localhost:27017/BOOK_CRUD
-------> ver 1.4 feb 3 2023 16:46 111
Express server running on port 1233
Mongoose default connection open to DATETue Dec 19 2023 23:25:38 GMT+0530 (India Standard Time)
Mongo DB connected
local DBconnection mongodb://localhost:27017/BOOK_CRUD
-------> ver 1.4 feb 3 2023 16:46 111
Express server running on port 1233
Mongoose default connection open to DATETue Dec 19 2023 23:25:44 GMT+0530 (India Standard Time)
Mongo DB connected
null
userData:  undefined
err:  TypeError: bcrypt.hash(...).promise is not a function
    at exports.login (F:\JJ\NODE-BOOK-CRUD-main\NODE-BOOK-CRUD-main\backend\controller\user\user-controller.js:133:56)
    at processTicksAndRejections (node:internal/process/task_queues:96:5)
local DBconnection mongodb://localhost:27017/BOOK_CRUD
-------> ver 1.4 feb 3 2023 16:46 111
Express server running on port 1233
Mongoose default connection open to DATETue Dec 19 2023 23:25:55 GMT+0530 (India Standard Time)
Mongo DB connected
local DBconnection mongodb://localhost:27017/BOOK_CRUD
local DBconnection mongodb://localhost:27017/BOOK_CRUD
local DBconnection mongodb://localhost:27017/BOOK_CRUD
local DBconnection mongodb://localhost:27017/BOOK_CRUD
-------> ver 1.4 feb 3 2023 16:46 111
Express server running on port 1233
Mongoose default connection open to DATETue Dec 19 2023 23:26:10 GMT+0530 (India Standard Time)
Mongo DB connected
null
userData:  null
local DBconnection mongodb://localhost:27017/BOOK_CRUD
-------> ver 1.4 feb 3 2023 16:46 111
Express server running on port 1233
Mongoose default connection open to DATETue Dec 19 2023 23:26:17 GMT+0530 (India Standard Time)
Mongo DB connected
{
  _id: new ObjectId('6581d93b1daa1fd9a7d1a3e6'),
  email: 'fsssfd@gmai.com',
  password: '$2b$12$kyCDPyEEPLC0QFiXzg/Gu.0dhALOitF3V92e0gwQjvKihALMKVAnO'
}
{
  _id: new ObjectId('6581d93b1daa1fd9a7d1a3e6'),
  email: 'fsssfd@gmai.com',
  password: '$2b$12$kyCDPyEEPLC0QFiXzg/Gu.0dhALOitF3V92e0gwQjvKihALMKVAnO'
}
local DBconnection mongodb://localhost:27017/BOOK_CRUD
-------> ver 1.4 feb 3 2023 16:46 111
Express server running on port 1233
Mongoose default connection open to DATETue Dec 19 2023 23:26:53 GMT+0530 (India Standard Time)
Mongo DB connected
{
  _id: new ObjectId('6581d93b1daa1fd9a7d1a3e6'),
  email: 'fsssfd@gmai.com',
  password: '$2b$12$kyCDPyEEPLC0QFiXzg/Gu.0dhALOitF3V92e0gwQjvKihALMKVAnO'
}
local DBconnection mongodb://localhost:27017/BOOK_CRUD
-------> ver 1.4 feb 3 2023 16:46 111
Express server running on port 1233
Mongoose default connection open to DATETue Dec 19 2023 23:27:19 GMT+0530 (India Standard Time)
Mongo DB connected
{
  _id: new ObjectId('6581d93b1daa1fd9a7d1a3e6'),
  email: 'fsssfd@gmai.com',
  password: '$2b$12$kyCDPyEEPLC0QFiXzg/Gu.0dhALOitF3V92e0gwQjvKihALMKVAnO'
}
null
userData:  {
  status: true,
  data: {
    email: '1fsssfd@gmai.com',
    password: '$2b$12$F4e/SEhgm1aFNgRHqPiMYeKCMNA70/SVgTjDJeSc1Fpk7jymIckGa',
    _id: new ObjectId('6581d98e70ae884188887c04')
  }
}
local DBconnection mongodb://localhost:27017/BOOK_CRUD
-------> ver 1.4 feb 3 2023 16:46 111
Express server running on port 1233
Mongoose default connection open to DATETue Dec 19 2023 23:27:50 GMT+0530 (India Standard Time)
Mongo DB connected
local DBconnection mongodb://localhost:27017/BOOK_CRUD
-------> ver 1.4 feb 3 2023 16:46 111
Express server running on port 1233
Mongoose default connection open to DATETue Dec 19 2023 23:27:56 GMT+0530 (India Standard Time)
Mongo DB connected
null
userData:  {
  email: '1fsssfd@1gmai.com',
  password: '$2b$12$iBwXHL0KANdPf8LWXaKgZu8.JSF6Kj859zBeqZPQ4ot/VJCTP5dA6',
  _id: new ObjectId('6581d9c0766a15fb728b3be7')
}
err:  TypeError: Cannot read properties of null (reading '_id')
    at exports.login (F:\JJ\NODE-BOOK-CRUD-main\NODE-BOOK-CRUD-main\backend\controller\user\user-controller.js:141:55)
    at processTicksAndRejections (node:internal/process/task_queues:96:5)
local DBconnection mongodb://localhost:27017/BOOK_CRUD
local DBconnection mongodb://localhost:27017/BOOK_CRUD
local DBconnection mongodb://localhost:27017/BOOK_CRUD
-------> ver 1.4 feb 3 2023 16:46 111
Express server running on port 1233
Mongoose default connection open to DATETue Dec 19 2023 23:29:08 GMT+0530 (India Standard Time)
Mongo DB connected
{
  _id: new ObjectId('6581d9c0766a15fb728b3be7'),
  email: '1fsssfd@1gmai.com',
  password: '$2b$12$iBwXHL0KANdPf8LWXaKgZu8.JSF6Kj859zBeqZPQ4ot/VJCTP5dA6'
}
u2serData:  {
  _id: new ObjectId('6581d9c0766a15fb728b3be7'),
  email: '1fsssfd@1gmai.com',
  password: '$2b$12$iBwXHL0KANdPf8LWXaKgZu8.JSF6Kj859zBeqZPQ4ot/VJCTP5dA6'
}
null
userData:  {
  email: '1fssswfd@1gmai.com',
  password: '$2b$12$JGB2EplW7jl1.kWw3A8xvu3pUONYlc4XU/UxhBTtHcHK7bwEF.DTa',
  _id: new ObjectId('6581d9f609f6e03bea851438')
}
u2serData:  null
err:  TypeError: Cannot read properties of null (reading '_id')
    at exports.login (F:\JJ\NODE-BOOK-CRUD-main\NODE-BOOK-CRUD-main\backend\controller\user\user-controller.js:142:55)
    at processTicksAndRejections (node:internal/process/task_queues:96:5)
local DBconnection mongodb://localhost:27017/BOOK_CRUD
local DBconnection mongodb://localhost:27017/BOOK_CRUD
local DBconnection mongodb://localhost:27017/BOOK_CRUD
local DBconnection mongodb://localhost:27017/BOOK_CRUD
local DBconnection mongodb://localhost:27017/BOOK_CRUD
local DBconnection mongodb://localhost:27017/BOOK_CRUD
local DBconnection mongodb://localhost:27017/BOOK_CRUD
local DBconnection mongodb://localhost:27017/BOOK_CRUD
local DBconnection mongodb://localhost:27017/BOOK_CRUD
local DBconnection mongodb://localhost:27017/BOOK_CRUD
local DBconnection mongodb://localhost:27017/BOOK_CRUD
local DBconnection mongodb://localhost:27017/BOOK_CRUD
-------> ver 1.4 feb 3 2023 16:46 111
Express server running on port 1233
Mongoose default connection open to DATETue Dec 19 2023 23:29:55 GMT+0530 (India Standard Time)
Mongo DB connected
local DBconnection mongodb://localhost:27017/BOOK_CRUD
local DBconnection mongodb://localhost:27017/BOOK_CRUD
local DBconnection mongodb://localhost:27017/BOOK_CRUD
local DBconnection mongodb://localhost:27017/BOOK_CRUD
local DBconnection mongodb://localhost:27017/BOOK_CRUD
local DBconnection mongodb://localhost:27017/BOOK_CRUD
-------> ver 1.4 feb 3 2023 16:46 111
Express server running on port 1233
Mongoose default connection open to DATETue Dec 19 2023 23:30:34 GMT+0530 (India Standard Time)
Mongo DB connected
local DBconnection mongodb://localhost:27017/BOOK_CRUD
-------> ver 1.4 feb 3 2023 16:46 111
Express server running on port 1233
Mongoose default connection open to DATETue Dec 19 2023 23:30:54 GMT+0530 (India Standard Time)
Mongo DB connected
local DBconnection mongodb://localhost:27017/BOOK_CRUD
local DBconnection mongodb://localhost:27017/BOOK_CRUD
-------> ver 1.4 feb 3 2023 16:46 111
Express server running on port 1233
Mongoose default connection open to DATETue Dec 19 2023 23:31:12 GMT+0530 (India Standard Time)
Mongo DB connected
local DBconnection mongodb://localhost:27017/BOOK_CRUD
-------> ver 1.4 feb 3 2023 16:46 111
Express server running on port 1233
Mongoose default connection open to DATETue Dec 19 2023 23:31:25 GMT+0530 (India Standard Time)
Mongo DB connected
local DBconnection mongodb://localhost:27017/BOOK_CRUD
-------> ver 1.4 feb 3 2023 16:46 111
Express server running on port 1233
Mongoose default connection open to DATETue Dec 19 2023 23:31:30 GMT+0530 (India Standard Time)
Mongo DB connected
local DBconnection mongodb://localhost:27017/BOOK_CRUD
-------> ver 1.4 feb 3 2023 16:46 111
Express server running on port 1233
Mongoose default connection open to DATETue Dec 19 2023 23:31:35 GMT+0530 (India Standard Time)
Mongo DB connected
{
  _id: new ObjectId('6581d9f609f6e03bea851438'),
  email: '1fssswfd@1gmai.com',
  password: '$2b$12$JGB2EplW7jl1.kWw3A8xvu3pUONYlc4XU/UxhBTtHcHK7bwEF.DTa'
}
u2serData:  {
  _id: new ObjectId('6581d9f609f6e03bea851438'),
  email: '1fssswfd@1gmai.com',
  password: '$2b$12$JGB2EplW7jl1.kWw3A8xvu3pUONYlc4XU/UxhBTtHcHK7bwEF.DTa'
}
null
userData:  {
  email: '1fssswssfd@1gmai.com',
  password: '$2b$12$3o1k2mNP620fgQkm0p47v.WGTscUdPM1od6aYYNnUaxCZsGy4qZA2',
  _id: new ObjectId('6581da84986d98b4cb6cdb3d')
}
u2serData:  {
  email: '1fssswssfd@1gmai.com',
  password: '$2b$12$3o1k2mNP620fgQkm0p47v.WGTscUdPM1od6aYYNnUaxCZsGy4qZA2',
  _id: new ObjectId('6581da84986d98b4cb6cdb3d')
}
local DBconnection mongodb://localhost:27017/BOOK_CRUD
local DBconnection mongodb://localhost:27017/BOOK_CRUD
-------> ver 1.4 feb 3 2023 16:46 111
Express server running on port 1233
Mongoose default connection open to DATETue Dec 19 2023 23:31:58 GMT+0530 (India Standard Time)
Mongo DB connected
local DBconnection mongodb://localhost:27017/BOOK_CRUD
-------> ver 1.4 feb 3 2023 16:46 111
Express server running on port 1233
Mongoose default connection open to DATETue Dec 19 2023 23:32:17 GMT+0530 (India Standard Time)
Mongo DB connected
local DBconnection mongodb://localhost:27017/BOOK_CRUD
-------> ver 1.4 feb 3 2023 16:46 111
Express server running on port 1233
Mongoose default connection open to DATETue Dec 19 2023 23:34:23 GMT+0530 (India Standard Time)
Mongo DB connected
local DBconnection mongodb://localhost:27017/BOOK_CRUD
-------> ver 1.4 feb 3 2023 16:46 111
Express server running on port 1233
Mongoose default connection open to DATETue Dec 19 2023 23:34:32 GMT+0530 (India Standard Time)
Mongo DB connected
local DBconnection mongodb://localhost:27017/BOOK_CRUD
local DBconnection mongodb://localhost:27017/BOOK_CRUD
-------> ver 1.4 feb 3 2023 16:46 111
Express server running on port 1233
Mongoose default connection open to DATETue Dec 19 2023 23:34:37 GMT+0530 (India Standard Time)
Mongo DB connected
local DBconnection mongodb://localhost:27017/BOOK_CRUD
local DBconnection mongodb://localhost:27017/BOOK_CRUD
local DBconnection mongodb://localhost:27017/BOOK_CRUD
local DBconnection mongodb://localhost:27017/BOOK_CRUD
-------> ver 1.4 feb 3 2023 16:46 111
Express server running on port 1233
Mongoose default connection open to DATETue Dec 19 2023 23:34:54 GMT+0530 (India Standard Time)
Mongo DB connected
local DBconnection mongodb://localhost:27017/BOOK_CRUD
-------> ver 1.4 feb 3 2023 16:46 111
Express server running on port 1233
Mongoose default connection open to DATETue Dec 19 2023 23:35:04 GMT+0530 (India Standard Time)
Mongo DB connected
local DBconnection mongodb://localhost:27017/BOOK_CRUD
-------> ver 1.4 feb 3 2023 16:46 111
Express server running on port 1233
Mongoose default connection open to DATETue Dec 19 2023 23:35:07 GMT+0530 (India Standard Time)
Mongo DB connected
local DBconnection mongodb://localhost:27017/BOOK_CRUD
local DBconnection mongodb://localhost:27017/BOOK_CRUD
local DBconnection mongodb://localhost:27017/BOOK_CRUD
local DBconnection mongodb://localhost:27017/BOOK_CRUD
local DBconnection mongodb://localhost:27017/BOOK_CRUD
local DBconnection mongodb://localhost:27017/BOOK_CRUD
local DBconnection mongodb://localhost:27017/BOOK_CRUD
local DBconnection mongodb://localhost:27017/BOOK_CRUD
local DBconnection mongodb://localhost:27017/BOOK_CRUD
local DBconnection mongodb://localhost:27017/BOOK_CRUD
-------> ver 1.4 feb 3 2023 16:46 111
Express server running on port 1233
Mongoose default connection open to DATETue Dec 19 2023 23:35:42 GMT+0530 (India Standard Time)
Mongo DB connected
local DBconnection mongodb://localhost:27017/BOOK_CRUD
local DBconnection mongodb://localhost:27017/BOOK_CRUD
local DBconnection mongodb://localhost:27017/BOOK_CRUD
local DBconnection mongodb://localhost:27017/BOOK_CRUD
local DBconnection mongodb://localhost:27017/BOOK_CRUD
local DBconnection mongodb://localhost:27017/BOOK_CRUD
local DBconnection mongodb://localhost:27017/BOOK_CRUD
local DBconnection mongodb://localhost:27017/BOOK_CRUD
local DBconnection mongodb://localhost:27017/BOOK_CRUD
local DBconnection mongodb://localhost:27017/BOOK_CRUD
local DBconnection mongodb://localhost:27017/BOOK_CRUD
local DBconnection mongodb://localhost:27017/BOOK_CRUD
local DBconnection mongodb://localhost:27017/BOOK_CRUD
local DBconnection mongodb://localhost:27017/BOOK_CRUD
local DBconnection mongodb://localhost:27017/BOOK_CRUD
local DBconnection mongodb://localhost:27017/BOOK_CRUD
local DBconnection mongodb://localhost:27017/BOOK_CRUD
local DBconnection mongodb://localhost:27017/BOOK_CRUD
local DBconnection mongodb://localhost:27017/BOOK_CRUD
local DBconnection mongodb://localhost:27017/BOOK_CRUD
local DBconnection mongodb://localhost:27017/BOOK_CRUD
local DBconnection mongodb://localhost:27017/BOOK_CRUD
local DBconnection mongodb://localhost:27017/BOOK_CRUD
local DBconnection mongodb://localhost:27017/BOOK_CRUD
local DBconnection mongodb://localhost:27017/BOOK_CRUD
-------> ver 1.4 feb 3 2023 16:46 111
Express server running on port 1233
Mongoose default connection open to DATETue Dec 19 2023 23:36:52 GMT+0530 (India Standard Time)
Mongo DB connected
local DBconnection mongodb://localhost:27017/BOOK_CRUD
local DBconnection mongodb://localhost:27017/BOOK_CRUD
local DBconnection mongodb://localhost:27017/BOOK_CRUD
local DBconnection mongodb://localhost:27017/BOOK_CRUD
local DBconnection mongodb://localhost:27017/BOOK_CRUD
local DBconnection mongodb://localhost:27017/BOOK_CRUD
local DBconnection mongodb://localhost:27017/BOOK_CRUD
local DBconnection mongodb://localhost:27017/BOOK_CRUD
local DBconnection mongodb://localhost:27017/BOOK_CRUD
local DBconnection mongodb://localhost:27017/BOOK_CRUD
-------> ver 1.4 feb 3 2023 16:46 111
Express server running on port 1233
Mongoose default connection open to DATETue Dec 19 2023 23:38:05 GMT+0530 (India Standard Time)
Mongo DB connected
local DBconnection mongodb://localhost:27017/BOOK_CRUD
-------> ver 1.4 feb 3 2023 16:46 111
Express server running on port 1233
Mongoose default connection open to DATETue Dec 19 2023 23:39:54 GMT+0530 (India Standard Time)
Mongo DB connected
local DBconnection mongodb://localhost:27017/BOOK_CRUD
-------> ver 1.4 feb 3 2023 16:46 111
Express server running on port 1233
Mongoose default connection open to DATETue Dec 19 2023 23:43:25 GMT+0530 (India Standard Time)
Mongo DB connected
local DBconnection mongodb://localhost:27017/BOOK_CRUD
-------> ver 1.4 feb 3 2023 16:46 111
Express server running on port 1233
Mongoose default connection open to DATETue Dec 19 2023 23:49:31 GMT+0530 (India Standard Time)
Mongo DB connected
local DBconnection mongodb://localhost:27017/BOOK_CRUD
-------> ver 1.4 feb 3 2023 16:46 111
Express server running on port 1233
Mongoose default connection open to DATETue Dec 19 2023 23:52:16 GMT+0530 (India Standard Time)
Mongo DB connected
local DBconnection mongodb://localhost:27017/BOOK_CRUD
-------> ver 1.4 feb 3 2023 16:46 111
Express server running on port 1233
Mongoose default connection open to DATETue Dec 19 2023 23:53:03 GMT+0530 (India Standard Time)
Mongo DB connected
local DBconnection mongodb://localhost:27017/BOOK_CRUD
-------> ver 1.4 feb 3 2023 16:46 111
Express server running on port 1233
Mongoose default connection open to DATETue Dec 19 2023 23:53:13 GMT+0530 (India Standard Time)
Mongo DB connected
origin:  undefined
origin:  undefined
local DBconnection mongodb://localhost:27017/BOOK_CRUD
local DBconnection mongodb://localhost:27017/BOOK_CRUD
local DBconnection mongodb://localhost:27017/BOOK_CRUD
local DBconnection mongodb://localhost:27017/BOOK_CRUD
local DBconnection mongodb://localhost:27017/BOOK_CRUD
local DBconnection mongodb://localhost:27017/BOOK_CRUD
local DBconnection mongodb://localhost:27017/BOOK_CRUD
local DBconnection mongodb://localhost:27017/BOOK_CRUD
local DBconnection mongodb://localhost:27017/BOOK_CRUD
local DBconnection mongodb://localhost:27017/BOOK_CRUD
local DBconnection mongodb://localhost:27017/BOOK_CRUD
local DBconnection mongodb://localhost:27017/BOOK_CRUD
local DBconnection mongodb://localhost:27017/BOOK_CRUD
local DBconnection mongodb://localhost:27017/BOOK_CRUD
-------> ver 1.4 feb 3 2023 16:46 111
Express server running on port 1233
Mongoose default connection open to DATETue Dec 19 2023 23:54:08 GMT+0530 (India Standard Time)
Mongo DB connected
local DBconnection mongodb://localhost:27017/BOOK_CRUD
-------> ver 1.4 feb 3 2023 16:46 111
Express server running on port 1233
Mongoose default connection open to DATETue Dec 19 2023 23:54:12 GMT+0530 (India Standard Time)
Mongo DB connected
local DBconnection mongodb://localhost:27017/BOOK_CRUD
-------> ver 1.4 feb 3 2023 16:46 111
Express server running on port 1233
Mongoose default connection open to DATETue Dec 19 2023 23:54:22 GMT+0530 (India Standard Time)
Mongo DB connected
origin:  undefined
origin:  undefined
local DBconnection mongodb://localhost:27017/BOOK_CRUD
-------> ver 1.4 feb 3 2023 16:46 111
Express server running on port 1233
Mongoose default connection open to DATETue Dec 19 2023 23:54:40 GMT+0530 (India Standard Time)
Mongo DB connected
origin:  undefined
origin:  undefined
local DBconnection mongodb://localhost:27017/BOOK_CRUD
-------> ver 1.4 feb 3 2023 16:46 111
Express server running on port 1233
Mongoose default connection open to DATETue Dec 19 2023 23:55:20 GMT+0530 (India Standard Time)
Mongo DB connected
{
  _id: new ObjectId('6581da84986d98b4cb6cdb3d'),
  email: '1fssswssfd@1gmai.com',
  password: '$2b$12$3o1k2mNP620fgQkm0p47v.WGTscUdPM1od6aYYNnUaxCZsGy4qZA2'
}
local DBconnection mongodb://localhost:27017/BOOK_CRUD
-------> ver 1.4 feb 3 2023 16:46 111
Express server running on port 1233
Mongoose default connection open to DATETue Dec 19 2023 23:56:10 GMT+0530 (India Standard Time)
Mongo DB connected
err:  ReferenceError: jwt is not defined
    at exports.jwtVerify (F:\JJ\NODE-BOOK-CRUD-main\NODE-BOOK-CRUD-main\backend\helpers\origin_check.js:19:18)
    at Layer.handle [as handle_request] (F:\JJ\NODE-BOOK-CRUD-main\NODE-BOOK-CRUD-main\backend\node_modules\express\lib\router\layer.js:95:5)
    at next (F:\JJ\NODE-BOOK-CRUD-main\NODE-BOOK-CRUD-main\backend\node_modules\express\lib\router\route.js:144:13)
    at Route.dispatch (F:\JJ\NODE-BOOK-CRUD-main\NODE-BOOK-CRUD-main\backend\node_modules\express\lib\router\route.js:114:3)
    at Layer.handle [as handle_request] (F:\JJ\NODE-BOOK-CRUD-main\NODE-BOOK-CRUD-main\backend\node_modules\express\lib\router\layer.js:95:5)
    at F:\JJ\NODE-BOOK-CRUD-main\NODE-BOOK-CRUD-main\backend\node_modules\express\lib\router\index.js:284:15
    at Function.process_params (F:\JJ\NODE-BOOK-CRUD-main\NODE-BOOK-CRUD-main\backend\node_modules\express\lib\router\index.js:346:12)
    at next (F:\JJ\NODE-BOOK-CRUD-main\NODE-BOOK-CRUD-main\backend\node_modules\express\lib\router\index.js:280:10)
    at Function.handle (F:\JJ\NODE-BOOK-CRUD-main\NODE-BOOK-CRUD-main\backend\node_modules\express\lib\router\index.js:175:3)
    at router (F:\JJ\NODE-BOOK-CRUD-main\NODE-BOOK-CRUD-main\backend\node_modules\express\lib\router\index.js:47:12)
local DBconnection mongodb://localhost:27017/BOOK_CRUD
-------> ver 1.4 feb 3 2023 16:46 111
Express server running on port 1233
Mongoose default connection open to DATETue Dec 19 2023 23:56:36 GMT+0530 (India Standard Time)
Mongo DB connected
err:  ReferenceError: token is not defined
    at exports.jwtVerify (F:\JJ\NODE-BOOK-CRUD-main\NODE-BOOK-CRUD-main\backend\helpers\origin_check.js:20:29)
    at Layer.handle [as handle_request] (F:\JJ\NODE-BOOK-CRUD-main\NODE-BOOK-CRUD-main\backend\node_modules\express\lib\router\layer.js:95:5)
    at next (F:\JJ\NODE-BOOK-CRUD-main\NODE-BOOK-CRUD-main\backend\node_modules\express\lib\router\route.js:144:13)
    at Route.dispatch (F:\JJ\NODE-BOOK-CRUD-main\NODE-BOOK-CRUD-main\backend\node_modules\express\lib\router\route.js:114:3)
    at Layer.handle [as handle_request] (F:\JJ\NODE-BOOK-CRUD-main\NODE-BOOK-CRUD-main\backend\node_modules\express\lib\router\layer.js:95:5)
    at F:\JJ\NODE-BOOK-CRUD-main\NODE-BOOK-CRUD-main\backend\node_modules\express\lib\router\index.js:284:15
    at Function.process_params (F:\JJ\NODE-BOOK-CRUD-main\NODE-BOOK-CRUD-main\backend\node_modules\express\lib\router\index.js:346:12)
    at next (F:\JJ\NODE-BOOK-CRUD-main\NODE-BOOK-CRUD-main\backend\node_modules\express\lib\router\index.js:280:10)
    at Function.handle (F:\JJ\NODE-BOOK-CRUD-main\NODE-BOOK-CRUD-main\backend\node_modules\express\lib\router\index.js:175:3)
    at router (F:\JJ\NODE-BOOK-CRUD-main\NODE-BOOK-CRUD-main\backend\node_modules\express\lib\router\index.js:47:12)
err:  ReferenceError: token is not defined
    at exports.jwtVerify (F:\JJ\NODE-BOOK-CRUD-main\NODE-BOOK-CRUD-main\backend\helpers\origin_check.js:20:29)
    at Layer.handle [as handle_request] (F:\JJ\NODE-BOOK-CRUD-main\NODE-BOOK-CRUD-main\backend\node_modules\express\lib\router\layer.js:95:5)
    at next (F:\JJ\NODE-BOOK-CRUD-main\NODE-BOOK-CRUD-main\backend\node_modules\express\lib\router\route.js:144:13)
    at Route.dispatch (F:\JJ\NODE-BOOK-CRUD-main\NODE-BOOK-CRUD-main\backend\node_modules\express\lib\router\route.js:114:3)
    at Layer.handle [as handle_request] (F:\JJ\NODE-BOOK-CRUD-main\NODE-BOOK-CRUD-main\backend\node_modules\express\lib\router\layer.js:95:5)
    at F:\JJ\NODE-BOOK-CRUD-main\NODE-BOOK-CRUD-main\backend\node_modules\express\lib\router\index.js:284:15
    at Function.process_params (F:\JJ\NODE-BOOK-CRUD-main\NODE-BOOK-CRUD-main\backend\node_modules\express\lib\router\index.js:346:12)
    at next (F:\JJ\NODE-BOOK-CRUD-main\NODE-BOOK-CRUD-main\backend\node_modules\express\lib\router\index.js:280:10)
    at Function.handle (F:\JJ\NODE-BOOK-CRUD-main\NODE-BOOK-CRUD-main\backend\node_modules\express\lib\router\index.js:175:3)
    at router (F:\JJ\NODE-BOOK-CRUD-main\NODE-BOOK-CRUD-main\backend\node_modules\express\lib\router\index.js:47:12)
local DBconnection mongodb://localhost:27017/BOOK_CRUD
-------> ver 1.4 feb 3 2023 16:46 111
Express server running on port 1233
Mongoose default connection open to DATETue Dec 19 2023 23:56:55 GMT+0530 (India Standard Time)
Mongo DB connected
api:  /user/collect-book
local DBconnection mongodb://localhost:27017/BOOK_CRUD
local DBconnection mongodb://localhost:27017/BOOK_CRUD
local DBconnection mongodb://localhost:27017/BOOK_CRUD
local DBconnection mongodb://localhost:27017/BOOK_CRUD
local DBconnection mongodb://localhost:27017/BOOK_CRUD
local DBconnection mongodb://localhost:27017/BOOK_CRUD
local DBconnection mongodb://localhost:27017/BOOK_CRUD
local DBconnection mongodb://localhost:27017/BOOK_CRUD
local DBconnection mongodb://localhost:27017/BOOK_CRUD
-------> ver 1.4 feb 3 2023 16:46 111
Express server running on port 1233
Mongoose default connection open to DATETue Dec 19 2023 23:57:33 GMT+0530 (India Standard Time)
Mongo DB connected
{
  userId: '6581da84986d98b4cb6cdb3d',
  iat: 1703010328,
  exp: 1703013928
} api:  /user/collect-book
local DBconnection mongodb://localhost:27017/BOOK_CRUD
-------> ver 1.4 feb 3 2023 16:46 111
Express server running on port 1233
Mongoose default connection open to DATETue Dec 19 2023 23:57:52 GMT+0530 (India Standard Time)
Mongo DB connected
6581da84986d98b4cb6cdb3d api:  /user/collect-book
origin:  undefined
origin:  undefined
local DBconnection mongodb://localhost:27017/BOOK_CRUD
-------> ver 1.4 feb 3 2023 16:46 111
Express server running on port 1233
Mongoose default connection open to DATETue Dec 19 2023 23:58:42 GMT+0530 (India Standard Time)
Mongo DB connected
6581da84986d98b4cb6cdb3d api:  /user/list-book
6581da84986d98b4cb6cdb3d api:  /user/get-single-book
errorCheck:  false
6581da84986d98b4cb6cdb3d api:  /user/list-book
6581da84986d98b4cb6cdb3d api:  /user/get-single-book
errorCheck:  true
{ title: 'Red Book', author: 'David', summary: 'This is Crud App' }
local DBconnection mongodb://localhost:27017/BOOK_CRUD
-------> ver 1.4 feb 3 2023 16:46 111
Express server running on port 1233
Mongoose default connection open to DATEWed Dec 20 2023 00:03:47 GMT+0530 (India Standard Time)
Mongo DB connected
local DBconnection mongodb://localhost:27017/BOOK_CRUD
-------> ver 1.4 feb 3 2023 16:46 111
Express server running on port 1233
Mongoose default connection open to DATEWed Dec 20 2023 00:04:11 GMT+0530 (India Standard Time)
Mongo DB connected
6581da84986d98b4cb6cdb3d api:  /user/collect-book
6581da84986d98b4cb6cdb3d api:  /user/collect-book
local DBconnection mongodb://localhost:27017/BOOK_CRUD
-------> ver 1.4 feb 3 2023 16:46 111
Express server running on port 1233
Mongoose default connection open to DATEWed Dec 20 2023 00:05:33 GMT+0530 (India Standard Time)
Mongo DB connected
6581da84986d98b4cb6cdb3d api:  /user/collect-book
6581da84986d98b4cb6cdb3d api:  /user/list-book
local DBconnection mongodb://localhost:27017/BOOK_CRUD
-------> ver 1.4 feb 3 2023 16:46 111
Express server running on port 1233
Mongoose default connection open to DATEWed Dec 20 2023 00:06:25 GMT+0530 (India Standard Time)
Mongo DB connected
6581da84986d98b4cb6cdb3d api:  /user/list-book
6581da84986d98b4cb6cdb3d api:  /user/collect-book
local DBconnection mongodb://localhost:27017/BOOK_CRUD
-------> ver 1.4 feb 3 2023 16:46 111
Express server running on port 1233
Mongoose default connection open to DATEWed Dec 20 2023 00:07:21 GMT+0530 (India Standard Time)
Mongo DB connected
6581da84986d98b4cb6cdb3d api:  /user/collect-book
err:  Error: Invalid atomic update value for $push. Expected an object, received string
    at castUpdate (F:\JJ\NODE-BOOK-CRUD-main\NODE-BOOK-CRUD-main\backend\node_modules\mongoose\lib\helpers\query\castUpdate.js:111:13)
    at model.Query._castUpdate (F:\JJ\NODE-BOOK-CRUD-main\NODE-BOOK-CRUD-main\backend\node_modules\mongoose\lib\query.js:4569:10)
    at model.Query._updateThunk (F:\JJ\NODE-BOOK-CRUD-main\NODE-BOOK-CRUD-main\backend\node_modules\mongoose\lib\query.js:3731:25)
    at model.Query._updateOne (F:\JJ\NODE-BOOK-CRUD-main\NODE-BOOK-CRUD-main\backend\node_modules\mongoose\lib\query.js:3819:23)
    at model.Query.exec (F:\JJ\NODE-BOOK-CRUD-main\NODE-BOOK-CRUD-main\backend\node_modules\mongoose\lib\query.js:4290:80)
    at processTicksAndRejections (node:internal/process/task_queues:96:5)
    at async exports.updateOne (F:\JJ\NODE-BOOK-CRUD-main\NODE-BOOK-CRUD-main\backend\helpers\query_helper.js:46:23)
    at async exports.bookCRUD (F:\JJ\NODE-BOOK-CRUD-main\NODE-BOOK-CRUD-main\backend\controller\user\user-controller.js:66:28)
local DBconnection mongodb://localhost:27017/BOOK_CRUD
-------> ver 1.4 feb 3 2023 16:46 111
Express server running on port 1233
Mongoose default connection open to DATEWed Dec 20 2023 00:07:45 GMT+0530 (India Standard Time)
Mongo DB connected
local DBconnection mongodb://localhost:27017/BOOK_CRUD
-------> ver 1.4 feb 3 2023 16:46 111
Express server running on port 1233
Mongoose default connection open to DATEWed Dec 20 2023 00:09:00 GMT+0530 (India Standard Time)
Mongo DB connected
6581da84986d98b4cb6cdb3d api:  /user/collect-book
err:  TypeError: Cannot read properties of undefined (reading 'findOne')
    at exports.updateOne (F:\JJ\NODE-BOOK-CRUD-main\NODE-BOOK-CRUD-main\backend\helpers\query_helper.js:43:41)
    at exports.bookCRUD (F:\JJ\NODE-BOOK-CRUD-main\NODE-BOOK-CRUD-main\backend\controller\user\user-controller.js:66:34)
    at processTicksAndRejections (node:internal/process/task_queues:96:5)
6581da84986d98b4cb6cdb3d api:  /user/collect-book
err:  TypeError: Cannot read properties of undefined (reading 'findOne')
    at exports.updateOne (F:\JJ\NODE-BOOK-CRUD-main\NODE-BOOK-CRUD-main\backend\helpers\query_helper.js:43:41)
    at exports.bookCRUD (F:\JJ\NODE-BOOK-CRUD-main\NODE-BOOK-CRUD-main\backend\controller\user\user-controller.js:66:34)
    at processTicksAndRejections (node:internal/process/task_queues:96:5)
local DBconnection mongodb://localhost:27017/BOOK_CRUD
-------> ver 1.4 feb 3 2023 16:46 111
Express server running on port 1233
Mongoose default connection open to DATEWed Dec 20 2023 00:09:23 GMT+0530 (India Standard Time)
Mongo DB connected
6581da84986d98b4cb6cdb3d api:  /user/collect-book
err:  TypeError: Cannot read properties of undefined (reading 'findOne')
    at exports.updateOne (F:\JJ\NODE-BOOK-CRUD-main\NODE-BOOK-CRUD-main\backend\helpers\query_helper.js:43:41)
    at exports.bookCRUD (F:\JJ\NODE-BOOK-CRUD-main\NODE-BOOK-CRUD-main\backend\controller\user\user-controller.js:66:34)
    at processTicksAndRejections (node:internal/process/task_queues:96:5)
local DBconnection mongodb://localhost:27017/BOOK_CRUD
-------> ver 1.4 feb 3 2023 16:46 111
Express server running on port 1233
Mongoose default connection open to DATEWed Dec 20 2023 00:09:52 GMT+0530 (India Standard Time)
Mongo DB connected
local DBconnection mongodb://localhost:27017/BOOK_CRUD
-------> ver 1.4 feb 3 2023 16:46 111
Express server running on port 1233
Mongoose default connection open to DATEWed Dec 20 2023 00:10:01 GMT+0530 (India Standard Time)
Mongo DB connected
6581da84986d98b4cb6cdb3d api:  /user/collect-book
err:  ReferenceError: userId is not defined
    at exports.bookCRUD (F:\JJ\NODE-BOOK-CRUD-main\NODE-BOOK-CRUD-main\backend\controller\user\user-controller.js:66:63)
    at processTicksAndRejections (node:internal/process/task_queues:96:5)
local DBconnection mongodb://localhost:27017/BOOK_CRUD
-------> ver 1.4 feb 3 2023 16:46 111
Express server running on port 1233
Mongoose default connection open to DATEWed Dec 20 2023 00:10:13 GMT+0530 (India Standard Time)
Mongo DB connected
6581da84986d98b4cb6cdb3d api:  /user/collect-book
local DBconnection mongodb://localhost:27017/BOOK_CRUD
-------> ver 1.4 feb 3 2023 16:46 111
Express server running on port 1233
Mongoose default connection open to DATEWed Dec 20 2023 00:10:29 GMT+0530 (India Standard Time)
Mongo DB connected
local DBconnection mongodb://localhost:27017/BOOK_CRUD
-------> ver 1.4 feb 3 2023 16:46 111
Express server running on port 1233
Mongoose default connection open to DATEWed Dec 20 2023 00:13:39 GMT+0530 (India Standard Time)
Mongo DB connected
local DBconnection mongodb://localhost:27017/BOOK_CRUD
-------> ver 1.4 feb 3 2023 16:46 111
Express server running on port 1233
Mongoose default connection open to DATEWed Dec 20 2023 00:13:57 GMT+0530 (India Standard Time)
Mongo DB connected
local DBconnection mongodb://localhost:27017/BOOK_CRUD
-------> ver 1.4 feb 3 2023 16:46 111
Express server running on port 1233
Mongoose default connection open to DATEWed Dec 20 2023 00:14:35 GMT+0530 (India Standard Time)
Mongo DB connected
local DBconnection mongodb://localhost:27017/BOOK_CRUD
-------> ver 1.4 feb 3 2023 16:46 111
Express server running on port 1233
Mongoose default connection open to DATEWed Dec 20 2023 00:15:01 GMT+0530 (India Standard Time)
Mongo DB connected
local DBconnection mongodb://localhost:27017/BOOK_CRUD
-------> ver 1.4 feb 3 2023 16:46 111
Express server running on port 1233
Mongoose default connection open to DATEWed Dec 20 2023 00:15:04 GMT+0530 (India Standard Time)
Mongo DB connected
6581da84986d98b4cb6cdb3d api:  /user/my-books
local DBconnection mongodb://localhost:27017/BOOK_CRUD
-------> ver 1.4 feb 3 2023 16:46 111
Express server running on port 1233
Mongoose default connection open to DATEWed Dec 20 2023 00:15:31 GMT+0530 (India Standard Time)
Mongo DB connected
6581da84986d98b4cb6cdb3d api:  /user/my-books
err:  TypeError: Cannot read properties of undefined (reading 'books')
    at exports.bookCRUD (F:\JJ\NODE-BOOK-CRUD-main\NODE-BOOK-CRUD-main\backend\controller\user\user-controller.js:81:63)
    at processTicksAndRejections (node:internal/process/task_queues:96:5)
local DBconnection mongodb://localhost:27017/BOOK_CRUD
-------> ver 1.4 feb 3 2023 16:46 111
Express server running on port 1233
Mongoose default connection open to DATEWed Dec 20 2023 00:15:52 GMT+0530 (India Standard Time)
Mongo DB connected
6581da84986d98b4cb6cdb3d api:  /user/my-books
userData:  undefined
err:  TypeError: Cannot read properties of undefined (reading 'books')
    at exports.bookCRUD (F:\JJ\NODE-BOOK-CRUD-main\NODE-BOOK-CRUD-main\backend\controller\user\user-controller.js:82:63)
    at processTicksAndRejections (node:internal/process/task_queues:96:5)
local DBconnection mongodb://localhost:27017/BOOK_CRUD
-------> ver 1.4 feb 3 2023 16:46 111
Express server running on port 1233
Mongoose default connection open to DATEWed Dec 20 2023 00:16:11 GMT+0530 (India Standard Time)
Mongo DB connected
6581da84986d98b4cb6cdb3d api:  /user/my-books
userData:  undefined
err:  TypeError: Cannot read properties of undefined (reading 'books')
    at exports.bookCRUD (F:\JJ\NODE-BOOK-CRUD-main\NODE-BOOK-CRUD-main\backend\controller\user\user-controller.js:82:63)
    at processTicksAndRejections (node:internal/process/task_queues:96:5)
{
  books: [],
  _id: new ObjectId('6581da84986d98b4cb6cdb3d'),
  email: '1fssswssfd@1gmai.com',
  password: '$2b$12$3o1k2mNP620fgQkm0p47v.WGTscUdPM1od6aYYNnUaxCZsGy4qZA2'
}
6581da84986d98b4cb6cdb3d api:  /user/my-books
userData:  undefined
err:  TypeError: Cannot read properties of undefined (reading 'books')
    at exports.bookCRUD (F:\JJ\NODE-BOOK-CRUD-main\NODE-BOOK-CRUD-main\backend\controller\user\user-controller.js:82:63)
    at processTicksAndRejections (node:internal/process/task_queues:96:5)
null
userData:  {
  email: 'user@1gmai.com',
  password: '$2b$12$JDUfev7ZEUteTuw3qZP9JuU43cmHDucjZEF8W6kuccawjU5jqYzL6',
  books: [],
  _id: new ObjectId('6581e56b71e3682ff9fb373b')
}
6581da84986d98b4cb6cdb3d api:  /user/collect-book
local DBconnection mongodb://localhost:27017/BOOK_CRUD
-------> ver 1.4 feb 3 2023 16:46 111
Express server running on port 1233
Mongoose default connection open to DATEWed Dec 20 2023 00:19:07 GMT+0530 (India Standard Time)
Mongo DB connected
6581da84986d98b4cb6cdb3d api:  /user/collect-book
6581da84986d98b4cb6cdb3d api:  /user/collect-book
6581da84986d98b4cb6cdb3d api:  /user/my-books
userData:  undefined
err:  TypeError: Cannot read properties of undefined (reading 'books')
    at exports.bookCRUD (F:\JJ\NODE-BOOK-CRUD-main\NODE-BOOK-CRUD-main\backend\controller\user\user-controller.js:82:63)
    at processTicksAndRejections (node:internal/process/task_queues:96:5)
local DBconnection mongodb://localhost:27017/BOOK_CRUD
-------> ver 1.4 feb 3 2023 16:46 111
Express server running on port 1233
Mongoose default connection open to DATEWed Dec 20 2023 00:21:16 GMT+0530 (India Standard Time)
Mongo DB connected
6581da84986d98b4cb6cdb3d api:  /user/my-books
null
userData:  null
err:  TypeError: Cannot read properties of null (reading 'books')
    at exports.bookCRUD (F:\JJ\NODE-BOOK-CRUD-main\NODE-BOOK-CRUD-main\backend\controller\user\user-controller.js:82:63)
    at processTicksAndRejections (node:internal/process/task_queues:96:5)
local DBconnection mongodb://localhost:27017/BOOK_CRUD
-------> ver 1.4 feb 3 2023 16:46 111
Express server running on port 1233
Mongoose default connection open to DATEWed Dec 20 2023 00:21:42 GMT+0530 (India Standard Time)
Mongo DB connected
6581da84986d98b4cb6cdb3d api:  /user/my-books
null
err:  ReferenceError: userData is not defined
    at exports.bookCRUD (F:\JJ\NODE-BOOK-CRUD-main\NODE-BOOK-CRUD-main\backend\controller\user\user-controller.js:80:39)
    at processTicksAndRejections (node:internal/process/task_queues:96:5)
local DBconnection mongodb://localhost:27017/BOOK_CRUD
-------> ver 1.4 feb 3 2023 16:46 111
Express server running on port 1233
Mongoose default connection open to DATEWed Dec 20 2023 00:21:54 GMT+0530 (India Standard Time)
Mongo DB connected
6581da84986d98b4cb6cdb3d api:  /user/my-books
null
userData:  { status: true, data: null }
err:  ReferenceError: userData is not defined
    at exports.bookCRUD (F:\JJ\NODE-BOOK-CRUD-main\NODE-BOOK-CRUD-main\backend\controller\user\user-controller.js:82:54)
    at processTicksAndRejections (node:internal/process/task_queues:96:5)
local DBconnection mongodb://localhost:27017/BOOK_CRUD
-------> ver 1.4 feb 3 2023 16:46 111
Express server running on port 1233
Mongoose default connection open to DATEWed Dec 20 2023 00:22:17 GMT+0530 (India Standard Time)
Mongo DB connected
6581da84986d98b4cb6cdb3d api:  /user/my-books
null
req.userId̥ :  undefined
userData:  { status: true, data: null }
err:  ReferenceError: userData is not defined
    at exports.bookCRUD (F:\JJ\NODE-BOOK-CRUD-main\NODE-BOOK-CRUD-main\backend\controller\user\user-controller.js:83:54)
    at processTicksAndRejections (node:internal/process/task_queues:96:5)
{
  _id: new ObjectId('6581e56b71e3682ff9fb373b'),
  email: 'user@1gmai.com',
  password: '$2b$12$JDUfev7ZEUteTuw3qZP9JuU43cmHDucjZEF8W6kuccawjU5jqYzL6',
  books: []
}
6581e56b71e3682ff9fb373b api:  /user/my-books
null
req.userId̥ :  undefined
userData:  { status: true, data: null }
err:  ReferenceError: userData is not defined
    at exports.bookCRUD (F:\JJ\NODE-BOOK-CRUD-main\NODE-BOOK-CRUD-main\backend\controller\user\user-controller.js:83:54)
    at processTicksAndRejections (node:internal/process/task_queues:96:5)
local DBconnection mongodb://localhost:27017/BOOK_CRUD
-------> ver 1.4 feb 3 2023 16:46 111
Express server running on port 1233
Mongoose default connection open to DATEWed Dec 20 2023 00:23:50 GMT+0530 (India Standard Time)
Mongo DB connected
6581e56b71e3682ff9fb373b api:  /user/my-books
{ _id: new ObjectId('6581e56b71e3682ff9fb373b'), books: [] }
req.userId̥ :  undefined
userData:  {
  status: true,
  data: { _id: new ObjectId('6581e56b71e3682ff9fb373b'), books: [] }
}
err:  ReferenceError: userData is not defined
    at exports.bookCRUD (F:\JJ\NODE-BOOK-CRUD-main\NODE-BOOK-CRUD-main\backend\controller\user\user-controller.js:83:54)
    at processTicksAndRejections (node:internal/process/task_queues:96:5)
local DBconnection mongodb://localhost:27017/BOOK_CRUD
-------> ver 1.4 feb 3 2023 16:46 111
Express server running on port 1233
Mongoose default connection open to DATEWed Dec 20 2023 00:24:19 GMT+0530 (India Standard Time)
Mongo DB connected
6581e56b71e3682ff9fb373b api:  /user/my-books
{ _id: new ObjectId('6581e56b71e3682ff9fb373b'), books: [] }
req.userId̥ :  undefined
err:  ReferenceError: data is not defined
    at exports.bookCRUD (F:\JJ\NODE-BOOK-CRUD-main\NODE-BOOK-CRUD-main\backend\controller\user\user-controller.js:81:39)
    at processTicksAndRejections (node:internal/process/task_queues:96:5)
local DBconnection mongodb://localhost:27017/BOOK_CRUD
-------> ver 1.4 feb 3 2023 16:46 111
Express server running on port 1233
Mongoose default connection open to DATEWed Dec 20 2023 00:24:27 GMT+0530 (India Standard Time)
Mongo DB connected
6581e56b71e3682ff9fb373b api:  /user/my-books
{ _id: new ObjectId('6581e56b71e3682ff9fb373b'), books: [] }
req.userId̥ :  undefined
err:  ReferenceError: userData is not defined
    at exports.bookCRUD (F:\JJ\NODE-BOOK-CRUD-main\NODE-BOOK-CRUD-main\backend\controller\user\user-controller.js:82:54)
    at processTicksAndRejections (node:internal/process/task_queues:96:5)
local DBconnection mongodb://localhost:27017/BOOK_CRUD
-------> ver 1.4 feb 3 2023 16:46 111
Express server running on port 1233
Mongoose default connection open to DATEWed Dec 20 2023 00:24:43 GMT+0530 (India Standard Time)
Mongo DB connected
6581e56b71e3682ff9fb373b api:  /user/my-books
{ _id: new ObjectId('6581e56b71e3682ff9fb373b'), books: [] }
req.userId̥ :  undefined
local DBconnection mongodb://localhost:27017/BOOK_CRUD
-------> ver 1.4 feb 3 2023 16:46 111
Express server running on port 1233
Mongoose default connection open to DATEWed Dec 20 2023 00:25:15 GMT+0530 (India Standard Time)
Mongo DB connected
6581e56b71e3682ff9fb373b api:  /user/my-books
{ _id: new ObjectId('6581e56b71e3682ff9fb373b'), books: [] }
req.userId̥ :  undefined
bookData:  {
  status: false,
  message: "unknown top level operator: $in. If you have a field name that starts with a '$' symbol, consider using $getField or $setField."
}
local DBconnection mongodb://localhost:27017/BOOK_CRUD
-------> ver 1.4 feb 3 2023 16:46 111
Express server running on port 1233
Mongoose default connection open to DATEWed Dec 20 2023 00:26:30 GMT+0530 (India Standard Time)
Mongo DB connected
6581e56b71e3682ff9fb373b api:  /user/my-books
{ _id: new ObjectId('6581e56b71e3682ff9fb373b'), books: [] }
req.userId̥ :  undefined
bookData:  { status: true, data: [] }
local DBconnection mongodb://localhost:27017/BOOK_CRUD
-------> ver 1.4 feb 3 2023 16:46 111
Express server running on port 1233
Mongoose default connection open to DATEWed Dec 20 2023 00:26:57 GMT+0530 (India Standard Time)
Mongo DB connected
6581e56b71e3682ff9fb373b api:  /user/my-books
{ _id: new ObjectId('6581e56b71e3682ff9fb373b'), books: [] }
req.userId̥ :  undefined
bookData:  { status: true, data: [] }
6581e56b71e3682ff9fb373b api:  /user/collect-book
6581e56b71e3682ff9fb373b api:  /user/my-books
{
  _id: new ObjectId('6581e56b71e3682ff9fb373b'),
  books: [ '654d2a34f3ded3b98e8a52b3' ]
}
req.userId̥ :  undefined
bookData:  { status: true, data: [] }
6581e56b71e3682ff9fb373b api:  /user/my-books
{
  _id: new ObjectId('6581e56b71e3682ff9fb373b'),
  books: [ '654d2a34f3ded3b98e8a52b3' ]
}
req.userId̥ :  undefined
bookData:  { status: true, data: [] }
local DBconnection mongodb://localhost:27017/BOOK_CRUD
-------> ver 1.4 feb 3 2023 16:46 111
Express server running on port 1233
Mongoose default connection open to DATEWed Dec 20 2023 00:29:06 GMT+0530 (India Standard Time)
Mongo DB connected
local DBconnection mongodb://localhost:27017/BOOK_CRUD
-------> ver 1.4 feb 3 2023 16:46 111
Express server running on port 1233
6581e56b71e3682ff9fb373b api:  /user/my-books
Mongoose default connection open to DATEWed Dec 20 2023 00:29:13 GMT+0530 (India Standard Time)
Mongo DB connected
{
  _id: new ObjectId('6581e56b71e3682ff9fb373b'),
  books: [ '654d2a34f3ded3b98e8a52b3' ]
}
req.userId̥ :  undefined
bookData:  { status: true, data: [] }
local DBconnection mongodb://localhost:27017/BOOK_CRUD
local DBconnection mongodb://localhost:27017/BOOK_CRUD
local DBconnection mongodb://localhost:27017/BOOK_CRUD
local DBconnection mongodb://localhost:27017/BOOK_CRUD
local DBconnection mongodb://localhost:27017/BOOK_CRUD
local DBconnection mongodb://localhost:27017/BOOK_CRUD
local DBconnection mongodb://localhost:27017/BOOK_CRUD
local DBconnection mongodb://localhost:27017/BOOK_CRUD
local DBconnection mongodb://localhost:27017/BOOK_CRUD
local DBconnection mongodb://localhost:27017/BOOK_CRUD
local DBconnection mongodb://localhost:27017/BOOK_CRUD
local DBconnection mongodb://localhost:27017/BOOK_CRUD
local DBconnection mongodb://localhost:27017/BOOK_CRUD
local DBconnection mongodb://localhost:27017/BOOK_CRUD
local DBconnection mongodb://localhost:27017/BOOK_CRUD
local DBconnection mongodb://localhost:27017/BOOK_CRUD
local DBconnection mongodb://localhost:27017/BOOK_CRUD
local DBconnection mongodb://localhost:27017/BOOK_CRUD
local DBconnection mongodb://localhost:27017/BOOK_CRUD
local DBconnection mongodb://localhost:27017/BOOK_CRUD
local DBconnection mongodb://localhost:27017/BOOK_CRUD
local DBconnection mongodb://localhost:27017/BOOK_CRUD
local DBconnection mongodb://localhost:27017/BOOK_CRUD
local DBconnection mongodb://localhost:27017/BOOK_CRUD
local DBconnection mongodb://localhost:27017/BOOK_CRUD
local DBconnection mongodb://localhost:27017/BOOK_CRUD
local DBconnection mongodb://localhost:27017/BOOK_CRUD
local DBconnection mongodb://localhost:27017/BOOK_CRUD
local DBconnection mongodb://localhost:27017/BOOK_CRUD
local DBconnection mongodb://localhost:27017/BOOK_CRUD
local DBconnection mongodb://localhost:27017/BOOK_CRUD
local DBconnection mongodb://localhost:27017/BOOK_CRUD
local DBconnection mongodb://localhost:27017/BOOK_CRUD
local DBconnection mongodb://localhost:27017/BOOK_CRUD
local DBconnection mongodb://localhost:27017/BOOK_CRUD
local DBconnection mongodb://localhost:27017/BOOK_CRUD
local DBconnection mongodb://localhost:27017/BOOK_CRUD
local DBconnection mongodb://localhost:27017/BOOK_CRUD
local DBconnection mongodb://localhost:27017/BOOK_CRUD
local DBconnection mongodb://localhost:27017/BOOK_CRUD
local DBconnection mongodb://localhost:27017/BOOK_CRUD
local DBconnection mongodb://localhost:27017/BOOK_CRUD
local DBconnection mongodb://localhost:27017/BOOK_CRUD
local DBconnection mongodb://localhost:27017/BOOK_CRUD
local DBconnection mongodb://localhost:27017/BOOK_CRUD
local DBconnection mongodb://localhost:27017/BOOK_CRUD
local DBconnection mongodb://localhost:27017/BOOK_CRUD
local DBconnection mongodb://localhost:27017/BOOK_CRUD
local DBconnection mongodb://localhost:27017/BOOK_CRUD
local DBconnection mongodb://localhost:27017/BOOK_CRUD
local DBconnection mongodb://localhost:27017/BOOK_CRUD
local DBconnection mongodb://localhost:27017/BOOK_CRUD
local DBconnection mongodb://localhost:27017/BOOK_CRUD
local DBconnection mongodb://localhost:27017/BOOK_CRUD
local DBconnection mongodb://localhost:27017/BOOK_CRUD
local DBconnection mongodb://localhost:27017/BOOK_CRUD
local DBconnection mongodb://localhost:27017/BOOK_CRUD
local DBconnection mongodb://localhost:27017/BOOK_CRUD
local DBconnection mongodb://localhost:27017/BOOK_CRUD
local DBconnection mongodb://localhost:27017/BOOK_CRUD
local DBconnection mongodb://localhost:27017/BOOK_CRUD
local DBconnection mongodb://localhost:27017/BOOK_CRUD
local DBconnection mongodb://localhost:27017/BOOK_CRUD
local DBconnection mongodb://localhost:27017/BOOK_CRUD
local DBconnection mongodb://localhost:27017/BOOK_CRUD
local DBconnection mongodb://localhost:27017/BOOK_CRUD
local DBconnection mongodb://localhost:27017/BOOK_CRUD
local DBconnection mongodb://localhost:27017/BOOK_CRUD
local DBconnection mongodb://localhost:27017/BOOK_CRUD
local DBconnection mongodb://localhost:27017/BOOK_CRUD
local DBconnection mongodb://localhost:27017/BOOK_CRUD
local DBconnection mongodb://localhost:27017/BOOK_CRUD
-------> ver 1.4 feb 3 2023 16:46 111
Express server running on port 1233
Mongoose default connection open to DATEWed Dec 20 2023 00:32:08 GMT+0530 (India Standard Time)
Mongo DB connected
local DBconnection mongodb://localhost:27017/BOOK_CRUD
-------> ver 1.4 feb 3 2023 16:46 111
Express server running on port 1233
Mongoose default connection open to DATEWed Dec 20 2023 00:32:10 GMT+0530 (India Standard Time)
Mongo DB connected
origin:  undefined
local DBconnection mongodb://localhost:27017/BOOK_CRUD
-------> ver 1.4 feb 3 2023 16:46 111
Express server running on port 1233
Mongoose default connection open to DATEWed Dec 20 2023 00:32:36 GMT+0530 (India Standard Time)
Mongo DB connected
api:  /admin/list-book
local DBconnection mongodb://localhost:27017/BOOK_CRUD
-------> ver 1.4 feb 3 2023 16:46 111
Express server running on port 1233
Mongoose default connection open to DATEWed Dec 20 2023 00:33:07 GMT+0530 (India Standard Time)
Mongo DB connected
api:  /admin/list-book
api:  /admin/update-book
api:  /admin/list-book
api:  /admin/list-book
api:  /admin/update-book
api:  /admin/list-book
local DBconnection mongodb://localhost:27017/BOOK_CRUD
-------> ver 1.4 feb 3 2023 16:46 111
Express server running on port 1233
Mongoose default connection open to DATEWed Dec 20 2023 00:34:04 GMT+0530 (India Standard Time)
Mongo DB connected
api:  /admin/list-book
api:  /admin/update-book
updData:  { _id: '654d2a34f3ded3b98e8a52b3', author: 'User' }
local DBconnection mongodb://localhost:27017/BOOK_CRUD
-------> ver 1.4 feb 3 2023 16:46 111
Express server running on port 1233
Mongoose default connection open to DATEWed Dec 20 2023 00:34:42 GMT+0530 (India Standard Time)
Mongo DB connected
api:  /admin/update-book
updData:  { _id: '654d2a34f3ded3b98e8a52b3', author: 'User' }
api:  /admin/list-book
local DBconnection mongodb://localhost:27017/BOOK_CRUD
-------> ver 1.4 feb 3 2023 16:46 111
Express server running on port 1233
Mongoose default connection open to DATEWed Dec 20 2023 00:35:12 GMT+0530 (India Standard Time)
Mongo DB connected
6581e56b71e3682ff9fb373b api:  /user/collect-book
6581e56b71e3682ff9fb373b api:  /user/collect-book
6581e56b71e3682ff9fb373b api:  /user/collect-book
6581e56b71e3682ff9fb373b api:  /user/my-books
{
  _id: new ObjectId('6581e56b71e3682ff9fb373b'),
  books: [
    '654d2a34f3ded3b98e8a52b3',
    '654d2a34f3ded3b98e8a52b3',
    '654d2a34f3ded3b98e8a52b3',
    '654d2a34f3ded3b98e8a52b3'
  ]
}
req.userId̥ :  undefined
bookData:  { status: true, data: [] }
6581e56b71e3682ff9fb373b api:  /user/my-books
{
  _id: new ObjectId('6581e56b71e3682ff9fb373b'),
  books: [
    '654d2a34f3ded3b98e8a52b3',
    '654d2a34f3ded3b98e8a52b3',
    '654d2a34f3ded3b98e8a52b3',
    '654d2a34f3ded3b98e8a52b3'
  ]
}
req.userId̥ :  undefined
bookData:  { status: true, data: [] }
6581e56b71e3682ff9fb373b api:  /user/collect-book
local DBconnection mongodb://localhost:27017/BOOK_CRUD
-------> ver 1.4 feb 3 2023 16:46 111
Express server running on port 1233
Mongoose default connection open to DATEWed Dec 20 2023 00:37:00 GMT+0530 (India Standard Time)
Mongo DB connected
local DBconnection mongodb://localhost:27017/BOOK_CRUD
-------> ver 1.4 feb 3 2023 16:46 111
Express server running on port 1233
Mongoose default connection open to DATEWed Dec 20 2023 00:37:03 GMT+0530 (India Standard Time)
Mongo DB connected
local DBconnection mongodb://localhost:27017/BOOK_CRUD
-------> ver 1.4 feb 3 2023 16:46 111
Express server running on port 1233
Mongoose default connection open to DATEWed Dec 20 2023 00:37:19 GMT+0530 (India Standard Time)
Mongo DB connected
6581e56b71e3682ff9fb373b api:  /user/collect-book
6581e56b71e3682ff9fb373b api:  /user/collect-book
6581e56b71e3682ff9fb373b api:  /user/list-book
6581e56b71e3682ff9fb373b api:  /user/my-books
{
  _id: new ObjectId('6581e56b71e3682ff9fb373b'),
  books: [
    '654d2a34f3ded3b98e8a52b3',
    '654d2a34f3ded3b98e8a52b3',
    '654d2a34f3ded3b98e8a52b3',
    '654d2a34f3ded3b98e8a52b3',
    '654d2a34f3ded3b98e8a52b3',
    '654d2a34f3ded3b98e8a52b3',
    '654d2a34f3ded3b98e8a52b3'
  ]
}
userData:  {
  _id: new ObjectId('6581e56b71e3682ff9fb373b'),
  books: [
    '654d2a34f3ded3b98e8a52b3',
    '654d2a34f3ded3b98e8a52b3',
    '654d2a34f3ded3b98e8a52b3',
    '654d2a34f3ded3b98e8a52b3',
    '654d2a34f3ded3b98e8a52b3',
    '654d2a34f3ded3b98e8a52b3',
    '654d2a34f3ded3b98e8a52b3'
  ]
}
req.userId̥ :  undefined
bookData:  { status: true, data: [] }
local DBconnection mongodb://localhost:27017/BOOK_CRUD
-------> ver 1.4 feb 3 2023 16:46 111
Express server running on port 1233
Mongoose default connection open to DATEWed Dec 20 2023 00:37:54 GMT+0530 (India Standard Time)
Mongo DB connected
local DBconnection mongodb://localhost:27017/BOOK_CRUD
-------> ver 1.4 feb 3 2023 16:46 111
Express server running on port 1233
Mongoose default connection open to DATEWed Dec 20 2023 00:38:02 GMT+0530 (India Standard Time)
Mongo DB connected
6581e56b71e3682ff9fb373b api:  /user/my-books
{
  _id: new ObjectId('6581e56b71e3682ff9fb373b'),
  books: [
    '654d2a34f3ded3b98e8a52b3',
    '654d2a34f3ded3b98e8a52b3',
    '654d2a34f3ded3b98e8a52b3',
    '654d2a34f3ded3b98e8a52b3',
    '654d2a34f3ded3b98e8a52b3',
    '654d2a34f3ded3b98e8a52b3',
    '654d2a34f3ded3b98e8a52b3'
  ]
}
userData:  {
  _id: new ObjectId('6581e56b71e3682ff9fb373b'),
  books: [
    '654d2a34f3ded3b98e8a52b3',
    '654d2a34f3ded3b98e8a52b3',
    '654d2a34f3ded3b98e8a52b3',
    '654d2a34f3ded3b98e8a52b3',
    '654d2a34f3ded3b98e8a52b3',
    '654d2a34f3ded3b98e8a52b3',
    '654d2a34f3ded3b98e8a52b3'
  ]
}
req.userId̥ :  undefined
bookData:  {
  status: true,
  data: [
    {
      _id: new ObjectId('654d2a34f3ded3b98e8a52b3'),
      title: 'Red Book',
      author: 'User'
    }
  ]
}
local DBconnection mongodb://localhost:27017/BOOK_CRUD
-------> ver 1.4 feb 3 2023 16:46 111
Express server running on port 1233
Mongoose default connection open to DATEWed Dec 20 2023 00:39:41 GMT+0530 (India Standard Time)
Mongo DB connected
local DBconnection mongodb://localhost:27017/BOOK_CRUD
local DBconnection mongodb://localhost:27017/BOOK_CRUD
local DBconnection mongodb://localhost:27017/BOOK_CRUD
-------> ver 1.4 feb 3 2023 16:46 111
Express server running on port 1233
Mongoose default connection open to DATEWed Dec 20 2023 00:40:02 GMT+0530 (India Standard Time)
Mongo DB connected
local DBconnection mongodb://localhost:27017/BOOK_CRUD
-------> ver 1.4 feb 3 2023 16:46 111
Express server running on port 1233
Mongoose default connection open to DATEWed Dec 20 2023 00:40:33 GMT+0530 (India Standard Time)
Mongo DB connected
local DBconnection mongodb://localhost:27017/BOOK_CRUD
-------> ver 1.4 feb 3 2023 16:46 111
Express server running on port 1233
Mongoose default connection open to DATEWed Dec 20 2023 00:41:02 GMT+0530 (India Standard Time)
Mongo DB connected
6581e56b71e3682ff9fb373b api:  /user/my-books
local DBconnection mongodb://localhost:27017/BOOK_CRUD
-------> ver 1.4 feb 3 2023 16:46 111
Express server running on port 1233
Mongoose default connection open to DATEWed Dec 20 2023 00:41:40 GMT+0530 (India Standard Time)
Mongo DB connected
local DBconnection mongodb://localhost:27017/BOOK_CRUD
-------> ver 1.4 feb 3 2023 16:46 111
Express server running on port 1233
Mongoose default connection open to DATEWed Dec 20 2023 00:42:16 GMT+0530 (India Standard Time)
Mongo DB connected
6581e56b71e3682ff9fb373b api:  /user/my-books
{
  _id: new ObjectId('6581e56b71e3682ff9fb373b'),
  books: [
    '654d2a34f3ded3b98e8a52b3',
    '654d2a34f3ded3b98e8a52b3',
    '654d2a34f3ded3b98e8a52b3',
    '654d2a34f3ded3b98e8a52b3',
    '654d2a34f3ded3b98e8a52b3',
    '654d2a34f3ded3b98e8a52b3',
    '654d2a34f3ded3b98e8a52b3'
  ]
}
userData:  {
  _id: new ObjectId('6581e56b71e3682ff9fb373b'),
  books: [
    '654d2a34f3ded3b98e8a52b3',
    '654d2a34f3ded3b98e8a52b3',
    '654d2a34f3ded3b98e8a52b3',
    '654d2a34f3ded3b98e8a52b3',
    '654d2a34f3ded3b98e8a52b3',
    '654d2a34f3ded3b98e8a52b3',
    '654d2a34f3ded3b98e8a52b3'
  ]
}
req.userId̥ :  undefined
bookData:  {
  status: true,
  data: [
    {
      _id: new ObjectId('654d2a34f3ded3b98e8a52b3'),
      title: 'Red Book',
      author: 'User'
    }
  ]
}
6581e56b71e3682ff9fb373b api:  /user/submit-book
6581e56b71e3682ff9fb373b api:  /user/my-books
{ _id: new ObjectId('6581e56b71e3682ff9fb373b'), books: [] }
userData:  { _id: new ObjectId('6581e56b71e3682ff9fb373b'), books: [] }
req.userId̥ :  undefined
bookData:  { status: true, data: [] }
local DBconnection mongodb://localhost:27017/BOOK_CRUD
-------> ver 1.4 feb 3 2023 16:46 111
Express server running on port 1233
Mongoose default connection open to DATEWed Dec 20 2023 00:42:48 GMT+0530 (India Standard Time)
Mongo DB connected
local DBconnection mongodb://localhost:27017/BOOK_CRUD
-------> ver 1.4 feb 3 2023 16:46 111
Express server running on port 1233
Mongoose default connection open to DATEWed Dec 20 2023 00:42:59 GMT+0530 (India Standard Time)
Mongo DB connected
local DBconnection mongodb://localhost:27017/BOOK_CRUD
-------> ver 1.4 feb 3 2023 16:46 111
Express server running on port 1233
Mongoose default connection open to DATEWed Dec 20 2023 00:44:35 GMT+0530 (India Standard Time)
Mongo DB connected
local DBconnection mongodb://localhost:27017/BOOK_CRUD
-------> ver 1.4 feb 3 2023 16:46 111
Express server running on port 1233
Mongoose default connection open to DATEWed Dec 20 2023 00:44:37 GMT+0530 (India Standard Time)
Mongo DB connected
local DBconnection mongodb://localhost:27017/BOOK_CRUD
-------> ver 1.4 feb 3 2023 16:46 111
Express server running on port 1233
Mongoose default connection open to DATEWed Dec 20 2023 00:44:42 GMT+0530 (India Standard Time)
Mongo DB connected
local DBconnection mongodb://localhost:27017/BOOK_CRUD
-------> ver 1.4 feb 3 2023 16:46 111
Express server running on port 1233
Mongoose default connection open to DATEWed Dec 20 2023 00:44:46 GMT+0530 (India Standard Time)
Mongo DB connected
local DBconnection mongodb://localhost:27017/BOOK_CRUD
-------> ver 1.4 feb 3 2023 16:46 111
Express server running on port 1233
Mongoose default connection open to DATEWed Dec 20 2023 00:44:52 GMT+0530 (India Standard Time)
Mongo DB connected
local DBconnection mongodb://localhost:27017/BOOK_CRUD
-------> ver 1.4 feb 3 2023 16:46 111
Express server running on port 1233
Mongoose default connection open to DATEWed Dec 20 2023 00:45:04 GMT+0530 (India Standard Time)
Mongo DB connected
